SF:lib\core\models\google_search_model.dart
DA:5,7
DA:10,1
DA:14,1
DA:15,1
DA:16,1
DA:20,1
DA:21,1
DA:22,1
DA:23,1
DA:27,2
DA:28,2
DA:29,2
DA:30,2
DA:34,2
DA:38,12
DA:41,1
DA:42,5
LF:17
LH:17
end_of_record
SF:lib\core\repository\api_repository_impl.dart
DA:8,1
DA:12,0
DA:13,2
DA:14,1
DA:17,2
DA:19,2
DA:20,2
DA:21,1
DA:22,1
DA:24,1
DA:25,1
DA:28,2
DA:29,1
DA:30,1
DA:33,0
DA:35,1
LF:16
LH:14
end_of_record
SF:lib\core\services\api_service_impl.dart
DA:8,2
DA:12,1
DA:14,2
LF:3
LH:3
end_of_record
SF:lib\core\services\dependency_injection.dart
DA:9,3
DA:11,1
DA:12,2
DA:13,2
DA:16,2
DA:17,2
DA:18,2
DA:22,2
DA:23,2
DA:24,2
LF:10
LH:10
end_of_record
SF:lib\modules\search\cubit\search_cubit.dart
DA:11,3
DA:13,3
DA:15,1
DA:17,3
DA:18,2
DA:19,1
DA:20,3
DA:25,3
DA:27,1
DA:31,3
LF:10
LH:10
end_of_record
SF:lib\modules\search\cubit\search_state.dart
DA:6,7
DA:7,0
DA:11,10
DA:19,3
DA:23,3
DA:24,1
DA:25,3
DA:29,3
DA:30,9
LF:9
LH:8
end_of_record
SF:lib\modules\search\widgets\card_widget.dart
DA:6,2
DA:11,2
DA:13,2
DA:21,2
DA:24,2
DA:25,2
DA:26,4
DA:33,2
DA:34,2
DA:37,1
LF:10
LH:10
end_of_record
SF:lib\modules\search\search_screen.dart
DA:9,1
DA:14,1
DA:15,1
DA:21,1
DA:23,1
DA:24,3
DA:25,1
DA:26,1
DA:28,1
DA:30,1
DA:32,1
DA:33,1
DA:34,1
DA:35,1
DA:36,1
DA:37,1
DA:38,1
DA:39,1
DA:43,0
DA:44,0
DA:46,0
DA:47,0
DA:55,1
DA:56,1
DA:57,1
DA:58,0
DA:59,0
DA:61,0
DA:62,0
DA:73,1
DA:74,1
DA:75,1
DA:76,1
DA:80,1
DA:81,1
DA:84,2
DA:85,1
DA:86,1
DA:87,1
DA:91,1
DA:92,2
DA:93,1
DA:97,1
DA:100,1
LF:44
LH:36
end_of_record
